<?xml version="1.0" encoding="UTF-8"?>
<!-- Generated by org.testng.reporters.JUnitReportReporter -->
<testsuite hostname="Heena-Agarwal" failures="0" tests="1" name="JTCAssessment.Googlesearch" time="10.769" errors="0" timestamp="2021-03-26T00:05:59 IST" skipped="0">
  <testcase classname="JTCAssessment.Googlesearch" name="BrowserAutomation" time="10.769"/>
  <system-out/>
</testsuite> <!-- JTCAssessment.Googlesearch -->
