<?xml version="1.0" encoding="UTF-8"?>
<!-- Generated by org.testng.reporters.JUnitReportReporter -->
<testsuite hostname="Heena-Agarwal" failures="0" tests="1" name="JTCAssessment.Googlesearch" time="6.546" errors="0" timestamp="2021-03-26T00:04:43 IST" skipped="0">
  <testcase classname="JTCAssessment.Googlesearch" name="BrowserAutomation" time="6.546"/>
  <system-out/>
</testsuite> <!-- JTCAssessment.Googlesearch -->
